

================================================================
== Vivado HLS Report for 'k2c_relu_func'
================================================================
* Date:           Mon Apr  8 23:08:05 2024

* Version:        2018.2 (Build 2258646 on Thu Jun 14 20:25:20 MDT 2018)
* Project:        vlsiProject
* Solution:       solution1
* Product family: zynq
* Target device:  xc7z020clg484-1


================================================================
== Performance Estimates
================================================================
+ Timing (ns): 
    * Summary: 
    +--------+-------+----------+------------+
    |  Clock | Target| Estimated| Uncertainty|
    +--------+-------+----------+------------+
    |ap_clk  |  10.00|     7.767|        1.25|
    +--------+-------+----------+------------+

+ Latency (clock cycles): 
    * Summary: 
    +-----+-----+-----+-----+---------+
    |  Latency  |  Interval | Pipeline|
    | min | max | min | max |   Type  |
    +-----+-----+-----+-----+---------+
    |   97|  193|   97|  193|   none  |
    +-----+-----+-----+-----+---------+

    + Detail: 
        * Instance: 
        N/A

        * Loop: 
        +----------+-----+-----+----------+-----------+-----------+---------+----------+
        |          |  Latency  | Iteration|  Initiation Interval  |   Trip  |          |
        | Loop Name| min | max |  Latency |  achieved |   target  |  Count  | Pipelined|
        +----------+-----+-----+----------+-----------+-----------+---------+----------+
        |- Loop 1  |   96|  192|         3|          -|          -| 32 ~ 64 |    no    |
        +----------+-----+-----+----------+-----------+-----------+---------+----------+



================================================================
== Utilization Estimates
================================================================
* Summary: 
+-----------------+---------+-------+--------+-------+
|       Name      | BRAM_18K| DSP48E|   FF   |  LUT  |
+-----------------+---------+-------+--------+-------+
|DSP              |        -|      -|       -|      -|
|Expression       |        -|      -|       0|     59|
|FIFO             |        -|      -|       -|      -|
|Instance         |        -|      0|      66|    239|
|Memory           |        -|      -|       -|      -|
|Multiplexer      |        -|      -|       -|     51|
|Register         |        -|      -|      57|      -|
+-----------------+---------+-------+--------+-------+
|Total            |        0|      0|     123|    349|
+-----------------+---------+-------+--------+-------+
|Available        |      280|    220|  106400|  53200|
+-----------------+---------+-------+--------+-------+
|Utilization (%)  |        0|      0|   ~0   |   ~0  |
+-----------------+---------+-------+--------+-------+

+ Detail: 
    * Instance: 
    +--------------------------+----------------------+---------+-------+----+-----+
    |         Instance         |        Module        | BRAM_18K| DSP48E| FF | LUT |
    +--------------------------+----------------------+---------+-------+----+-----+
    |check_best_model_lbW_U50  |check_best_model_lbW  |        0|      0|  66|  239|
    +--------------------------+----------------------+---------+-------+----+-----+
    |Total                     |                      |        0|      0|  66|  239|
    +--------------------------+----------------------+---------+-------+----+-----+

    * DSP48: 
    N/A

    * Memory: 
    N/A

    * FIFO: 
    N/A

    * Expression: 
    +-------------------+----------+-------+---+----+------------+------------+
    |   Variable Name   | Operation| DSP48E| FF| LUT| Bitwidth P0| Bitwidth P1|
    +-------------------+----------+-------+---+----+------------+------------+
    |i_8_fu_80_p2       |     +    |      0|  0|  15|           7|           1|
    |tmp_3_fu_121_p2    |    and   |      0|  0|   2|           1|           1|
    |exitcond_fu_75_p2  |   icmp   |      0|  0|  11|           8|           8|
    |notlhs_fu_103_p2   |   icmp   |      0|  0|  11|           8|           2|
    |notrhs_fu_109_p2   |   icmp   |      0|  0|  18|          23|           1|
    |tmp_s_fu_115_p2    |    or    |      0|  0|   2|           1|           1|
    +-------------------+----------+-------+---+----+------------+------------+
    |Total              |          |      0|  0|  59|          48|          14|
    +-------------------+----------+-------+---+----+------------+------------+

    * Multiplexer: 
    +------------+----+-----------+-----+-----------+
    |    Name    | LUT| Input Size| Bits| Total Bits|
    +------------+----+-----------+-----+-----------+
    |ap_NS_fsm   |  27|          5|    1|          5|
    |i_reg_50    |   9|          2|    7|         14|
    |x_address0  |  15|          3|   12|         36|
    +------------+----+-----------+-----+-----------+
    |Total       |  51|         10|   20|         55|
    +------------+----+-----------+-----+-----------+

    * Register: 
    +----------------+----+----+-----+-----------+
    |      Name      | FF | LUT| Bits| Const Bits|
    +----------------+----+----+-----+-----------+
    |ap_CS_fsm       |   4|   0|    4|          0|
    |i_8_reg_135     |   7|   0|    7|          0|
    |i_reg_50        |   7|   0|    7|          0|
    |x_addr_reg_140  |   7|   0|   12|          5|
    |x_load_reg_145  |  32|   0|   32|          0|
    +----------------+----+----+-----+-----------+
    |Total           |  57|   0|   62|          5|
    +----------------+----+----+-----+-----------+



================================================================
== Interface
================================================================
* Summary: 
+------------+-----+-----+------------+---------------+--------------+
|  RTL Ports | Dir | Bits|  Protocol  | Source Object |    C Type    |
+------------+-----+-----+------------+---------------+--------------+
|ap_clk      |  in |    1| ap_ctrl_hs | k2c_relu_func | return value |
|ap_rst      |  in |    1| ap_ctrl_hs | k2c_relu_func | return value |
|ap_start    |  in |    1| ap_ctrl_hs | k2c_relu_func | return value |
|ap_done     | out |    1| ap_ctrl_hs | k2c_relu_func | return value |
|ap_idle     | out |    1| ap_ctrl_hs | k2c_relu_func | return value |
|ap_ready    | out |    1| ap_ctrl_hs | k2c_relu_func | return value |
|x_address0  | out |   12|  ap_memory |       x       |     array    |
|x_ce0       | out |    1|  ap_memory |       x       |     array    |
|x_we0       | out |    1|  ap_memory |       x       |     array    |
|x_d0        | out |   32|  ap_memory |       x       |     array    |
|x_q0        |  in |   32|  ap_memory |       x       |     array    |
|size        |  in |    8|   ap_none  |      size     |    scalar    |
+------------+-----+-----+------------+---------------+--------------+

